c:\users\wws19\desktop\proejctssd\ssdgameserver_unity\x64\release\vc140.pdb
c:\users\wws19\desktop\proejctssd\ssdgameserver_unity\x64\release\ssdgameserver_unity.obj
c:\users\wws19\desktop\proejctssd\ssdgameserver_unity\x64\release\serverengine_unity.obj
c:\users\wws19\desktop\proejctssd\ssdgameserver_unity\x64\release\middleware_unity.obj
c:\users\wws19\desktop\proejctssd\ssdgameserver_unity\x64\release\engine_unity.obj
c:\users\wws19\desktop\proejctssd\bin\ssdgameserver_unity.exe
c:\users\wws19\desktop\proejctssd\bin\ssdgameserver_unity.ipdb
c:\users\wws19\desktop\proejctssd\bin\ssdgameserver_unity.iobj
c:\users\wws19\desktop\proejctssd\bin\ssdgameserver_unity.pdb
c:\users\wws19\desktop\ssd(2)\ssdgameserver_unity\x64\release\engine_unity.obj
c:\users\wws19\desktop\ssd(2)\ssdgameserver_unity\x64\release\middleware_unity.obj
c:\users\wws19\desktop\ssd(2)\ssdgameserver_unity\x64\release\serverengine_unity.obj
c:\users\wws19\desktop\ssd(2)\ssdgameserver_unity\x64\release\ssdgameserver_unity.obj
c:\users\wws19\desktop\ssd(2)\ssdgameserver_unity\x64\release\vc140.pdb
c:\users\wws19\desktop\ssd(2)\ssdgameserver_unity\..\bin\ssdgameserver_unity.exe
c:\users\wws19\desktop\ssd(2)\ssdgameserver_unity\x64\release\ssdgames.bcd52348.tlog\cl.command.1.tlog
c:\users\wws19\desktop\ssd(2)\ssdgameserver_unity\x64\release\ssdgames.bcd52348.tlog\cl.read.1.tlog
c:\users\wws19\desktop\ssd(2)\ssdgameserver_unity\x64\release\ssdgames.bcd52348.tlog\cl.write.1.tlog
c:\users\wws19\desktop\ssd(2)\ssdgameserver_unity\x64\release\ssdgames.bcd52348.tlog\link.command.1.tlog
c:\users\wws19\desktop\ssd(2)\ssdgameserver_unity\x64\release\ssdgames.bcd52348.tlog\link.read.1.tlog
c:\users\wws19\desktop\ssd(2)\ssdgameserver_unity\x64\release\ssdgames.bcd52348.tlog\link.write.1.tlog
